{
  "rspec": {
    "coverage": {
      "/home/d/data/projects/presentation_template_new/lib/middleman-revealjs.rb": [
        1,
        1,
        null,
        1,
        1,
        1,
        null,
        1,
        0,
        0,
        null
      ],
      "/home/d/data/projects/presentation_template_new/lib/middleman-revealjs/version.rb": [
        null,
        1,
        1,
        1,
        null,
        null
      ],
      "/home/d/data/projects/presentation_template_new/lib/middleman-revealjs/slide.rb": [
        null,
        1,
        1,
        1,
        null,
        1,
        null,
        1,
        1,
        null,
        1,
        null,
        1,
        null,
        1,
        6,
        null,
        null,
        1,
        4,
        3,
        null,
        null,
        null,
        1,
        1,
        null,
        null,
        1,
        4,
        null,
        null,
        null,
        null,
        null,
        null,
        1,
        1,
        null,
        null,
        null,
        1,
        null,
        1,
        null,
        1,
        null,
        1,
        7,
        null,
        null,
        1,
        1,
        null,
        null,
        null,
        null
      ]
    },
    "timestamp": 1398490040
  }
}
